# JRE version: OpenJDK Runtime Environment Temurin-17.0.12+7 (17.0.12+7) (build 17.0.12+7)
# Java VM: OpenJDK 64-Bit Server VM Temurin-17.0.12+7 (17.0.12+7, mixed mode, tiered, compressed oops, compressed class ptrs, parallel gc, windows-amd64)
GC Precious Log:
 CPUs: 8 total, 8 available
 Memory: 7941M
 Large Page Support: Disabled
 NUMA Support: Disabled
 Compressed Oops: Enabled (32-bit)
 Alignments: Space 512K, Generation 512K, Heap 2M
 Heap Min Capacity: 100M
 Heap Initial Capacity: 100M
 Heap Max Capacity: 1G
 Pre-touch: Disabled
 Parallel Workers: 8
Heap:
 PSYoungGen      total 19456K, used 1983K [0x00000000eab00000, 0x00000000ec180000, 0x0000000100000000)
  eden space 18432K, 5% used [0x00000000eab00000,0x00000000eabeffe8,0x00000000ebd00000)
  from space 1024K, 100% used [0x00000000ec080000,0x00000000ec180000,0x00000000ec180000)
  to   space 2048K, 0% used [0x00000000ebd80000,0x00000000ebd80000,0x00000000ebf80000)
 ParOldGen       total 68608K, used 34201K [0x00000000c0000000, 0x00000000c4300000, 0x00000000eab00000)
  object space 68608K, 49% used [0x00000000c0000000,0x00000000c21664b0,0x00000000c4300000)
 Metaspace       used 61927K, committed 63040K, reserved 1114112K
  class space    used 7213K, committed 7680K, reserved 1048576K
GC Heap History (20 events):
Event: 23.182 GC heap before
{Heap before GC invocations=20 (full 2):
 PSYoungGen      total 23040K, used 23039K [0x00000000eab00000, 0x00000000ec580000, 0x0000000100000000)
  eden space 22016K, 99% used [0x00000000eab00000,0x00000000ec07ff88,0x00000000ec080000)
  from space 1024K, 100% used [0x00000000ec280000,0x00000000ec380000,0x00000000ec380000)
  to   space 2048K, 0% used [0x00000000ec380000,0x00000000ec380000,0x00000000ec580000)
 ParOldGen       total 68608K, used 19922K [0x00000000c0000000, 0x00000000c4300000, 0x00000000eab00000)
  object space 68608K, 29% used [0x00000000c0000000,0x00000000c1374bf0,0x00000000c4300000)
 Metaspace       used 51854K, committed 52992K, reserved 1114112K
  class space    used 5631K, committed 6080K, reserved 1048576K
}
Event: 23.185 GC heap after
{Heap after GC invocations=20 (full 2):
 PSYoungGen      total 23552K, used 1081K [0x00000000eab00000, 0x00000000ec500000, 0x0000000100000000)
  eden space 22016K, 0% used [0x00000000eab00000,0x00000000eab00000,0x00000000ec080000)
  from space 1536K, 70% used [0x00000000ec380000,0x00000000ec48e580,0x00000000ec500000)
  to   space 1536K, 0% used [0x00000000ec200000,0x00000000ec200000,0x00000000ec380000)
 ParOldGen       total 68608K, used 20938K [0x00000000c0000000, 0x00000000c4300000, 0x00000000eab00000)
  object space 68608K, 30% used [0x00000000c0000000,0x00000000c1472bf0,0x00000000c4300000)
 Metaspace       used 51854K, committed 52992K, reserved 1114112K
  class space    used 5631K, committed 6080K, reserved 1048576K
}
Event: 23.903 GC heap before
{Heap before GC invocations=21 (full 2):
 PSYoungGen      total 23552K, used 23097K [0x00000000eab00000, 0x00000000ec500000, 0x0000000100000000)
  eden space 22016K, 100% used [0x00000000eab00000,0x00000000ec080000,0x00000000ec080000)
  from space 1536K, 70% used [0x00000000ec380000,0x00000000ec48e580,0x00000000ec500000)
  to   space 1536K, 0% used [0x00000000ec200000,0x00000000ec200000,0x00000000ec380000)
 ParOldGen       total 68608K, used 20938K [0x00000000c0000000, 0x00000000c4300000, 0x00000000eab00000)
  object space 68608K, 30% used [0x00000000c0000000,0x00000000c1472bf0,0x00000000c4300000)
 Metaspace       used 53861K, committed 54912K, reserved 1114112K
  class space    used 5952K, committed 6400K, reserved 1048576K
}
Event: 23.905 GC heap after
{Heap after GC invocations=21 (full 2):
 PSYoungGen      total 23552K, used 1523K [0x00000000eab00000, 0x00000000ec780000, 0x0000000100000000)
  eden space 22016K, 0% used [0x00000000eab00000,0x00000000eab00000,0x00000000ec080000)
  from space 1536K, 99% used [0x00000000ec200000,0x00000000ec37cc48,0x00000000ec380000)
  to   space 3584K, 0% used [0x00000000ec400000,0x00000000ec400000,0x00000000ec780000)
 ParOldGen       total 68608K, used 22455K [0x00000000c0000000, 0x00000000c4300000, 0x00000000eab00000)
  object space 68608K, 32% used [0x00000000c0000000,0x00000000c15edfc0,0x00000000c4300000)
 Metaspace       used 53861K, committed 54912K, reserved 1114112K
  class space    used 5952K, committed 6400K, reserved 1048576K
}
Event: 24.245 GC heap before
{Heap before GC invocations=22 (full 2):
 PSYoungGen      total 23552K, used 23539K [0x00000000eab00000, 0x00000000ec780000, 0x0000000100000000)
  eden space 22016K, 100% used [0x00000000eab00000,0x00000000ec080000,0x00000000ec080000)
  from space 1536K, 99% used [0x00000000ec200000,0x00000000ec37cc48,0x00000000ec380000)
  to   space 3584K, 0% used [0x00000000ec400000,0x00000000ec400000,0x00000000ec780000)
 ParOldGen       total 68608K, used 22455K [0x00000000c0000000, 0x00000000c4300000, 0x00000000eab00000)
  object space 68608K, 32% used [0x00000000c0000000,0x00000000c15edfc0,0x00000000c4300000)
 Metaspace       used 55256K, committed 56320K, reserved 1114112K
  class space    used 6211K, committed 6656K, reserved 1048576K
}
Event: 24.248 GC heap after
{Heap after GC invocations=22 (full 2):
 PSYoungGen      total 25600K, used 3086K [0x00000000eab00000, 0x00000000ec780000, 0x0000000100000000)
  eden space 22016K, 0% used [0x00000000eab00000,0x00000000eab00000,0x00000000ec080000)
  from space 3584K, 86% used [0x00000000ec400000,0x00000000ec7039a0,0x00000000ec780000)
  to   space 3584K, 0% used [0x00000000ec080000,0x00000000ec080000,0x00000000ec400000)
 ParOldGen       total 68608K, used 26986K [0x00000000c0000000, 0x00000000c4300000, 0x00000000eab00000)
  object space 68608K, 39% used [0x00000000c0000000,0x00000000c1a5aa88,0x00000000c4300000)
 Metaspace       used 55256K, committed 56320K, reserved 1114112K
  class space    used 6211K, committed 6656K, reserved 1048576K
}
Event: 24.712 GC heap before
{Heap before GC invocations=23 (full 2):
 PSYoungGen      total 25600K, used 25102K [0x00000000eab00000, 0x00000000ec780000, 0x0000000100000000)
  eden space 22016K, 100% used [0x00000000eab00000,0x00000000ec080000,0x00000000ec080000)
  from space 3584K, 86% used [0x00000000ec400000,0x00000000ec7039a0,0x00000000ec780000)
  to   space 3584K, 0% used [0x00000000ec080000,0x00000000ec080000,0x00000000ec400000)
 ParOldGen       total 68608K, used 26986K [0x00000000c0000000, 0x00000000c4300000, 0x00000000eab00000)
  object space 68608K, 39% used [0x00000000c0000000,0x00000000c1a5aa88,0x00000000c4300000)
 Metaspace       used 55786K, committed 56832K, reserved 1114112K
  class space    used 6277K, committed 6720K, reserved 1048576K
}
Event: 24.714 GC heap after
{Heap after GC invocations=23 (full 2):
 PSYoungGen      total 23040K, used 640K [0x00000000eab00000, 0x00000000ec480000, 0x0000000100000000)
  eden space 22016K, 0% used [0x00000000eab00000,0x00000000eab00000,0x00000000ec080000)
  from space 1024K, 62% used [0x00000000ec080000,0x00000000ec120020,0x00000000ec180000)
  to   space 2048K, 0% used [0x00000000ec280000,0x00000000ec280000,0x00000000ec480000)
 ParOldGen       total 68608K, used 29929K [0x00000000c0000000, 0x00000000c4300000, 0x00000000eab00000)
  object space 68608K, 43% used [0x00000000c0000000,0x00000000c1d3a6e8,0x00000000c4300000)
 Metaspace       used 55786K, committed 56832K, reserved 1114112K
  class space    used 6277K, committed 6720K, reserved 1048576K
}
Event: 25.093 GC heap before
{Heap before GC invocations=24 (full 2):
 PSYoungGen      total 23040K, used 22656K [0x00000000eab00000, 0x00000000ec480000, 0x0000000100000000)
  eden space 22016K, 100% used [0x00000000eab00000,0x00000000ec080000,0x00000000ec080000)
  from space 1024K, 62% used [0x00000000ec080000,0x00000000ec120020,0x00000000ec180000)
  to   space 2048K, 0% used [0x00000000ec280000,0x00000000ec280000,0x00000000ec480000)
 ParOldGen       total 68608K, used 29929K [0x00000000c0000000, 0x00000000c4300000, 0x00000000eab00000)
  object space 68608K, 43% used [0x00000000c0000000,0x00000000c1d3a6e8,0x00000000c4300000)
 Metaspace       used 56213K, committed 57344K, reserved 1114112K
  class space    used 6379K, committed 6848K, reserved 1048576K
}
Event: 25.095 GC heap after
{Heap after GC invocations=24 (full 2):
 PSYoungGen      total 20480K, used 2023K [0x00000000eab00000, 0x00000000ecb80000, 0x0000000100000000)
  eden space 18432K, 0% used [0x00000000eab00000,0x00000000eab00000,0x00000000ebd00000)
  from space 2048K, 98% used [0x00000000ec280000,0x00000000ec479f20,0x00000000ec480000)
  to   space 5632K, 0% used [0x00000000ebd00000,0x00000000ebd00000,0x00000000ec280000)
 ParOldGen       total 68608K, used 32498K [0x00000000c0000000, 0x00000000c4300000, 0x00000000eab00000)
  object space 68608K, 47% used [0x00000000c0000000,0x00000000c1fbc8d8,0x00000000c4300000)
 Metaspace       used 56213K, committed 57344K, reserved 1114112K
  class space    used 6379K, committed 6848K, reserved 1048576K
}
Event: 25.372 GC heap before
{Heap before GC invocations=25 (full 2):
 PSYoungGen      total 20480K, used 20455K [0x00000000eab00000, 0x00000000ecb80000, 0x0000000100000000)
  eden space 18432K, 100% used [0x00000000eab00000,0x00000000ebd00000,0x00000000ebd00000)
  from space 2048K, 98% used [0x00000000ec280000,0x00000000ec479f20,0x00000000ec480000)
  to   space 5632K, 0% used [0x00000000ebd00000,0x00000000ebd00000,0x00000000ec280000)
 ParOldGen       total 68608K, used 32498K [0x00000000c0000000, 0x00000000c4300000, 0x00000000eab00000)
  object space 68608K, 47% used [0x00000000c0000000,0x00000000c1fbc8d8,0x00000000c4300000)
 Metaspace       used 58150K, committed 59264K, reserved 1114112K
  class space    used 6717K, committed 7168K, reserved 1048576K
}
Event: 25.375 GC heap after
{Heap after GC invocations=25 (full 2):
 PSYoungGen      total 19456K, used 576K [0x00000000eab00000, 0x00000000ec300000, 0x0000000100000000)
  eden space 18432K, 0% used [0x00000000eab00000,0x00000000eab00000,0x00000000ebd00000)
  from space 1024K, 56% used [0x00000000ebd00000,0x00000000ebd90020,0x00000000ebe00000)
  to   space 2048K, 0% used [0x00000000ec100000,0x00000000ec100000,0x00000000ec300000)
 ParOldGen       total 68608K, used 34494K [0x00000000c0000000, 0x00000000c4300000, 0x00000000eab00000)
  object space 68608K, 50% used [0x00000000c0000000,0x00000000c21afb70,0x00000000c4300000)
 Metaspace       used 58150K, committed 59264K, reserved 1114112K
  class space    used 6717K, committed 7168K, reserved 1048576K
}
Event: 25.450 GC heap before
{Heap before GC invocations=26 (full 2):
 PSYoungGen      total 19456K, used 6639K [0x00000000eab00000, 0x00000000ec300000, 0x0000000100000000)
  eden space 18432K, 32% used [0x00000000eab00000,0x00000000eb0ebd90,0x00000000ebd00000)
  from space 1024K, 56% used [0x00000000ebd00000,0x00000000ebd90020,0x00000000ebe00000)
  to   space 2048K, 0% used [0x00000000ec100000,0x00000000ec100000,0x00000000ec300000)
 ParOldGen       total 68608K, used 34494K [0x00000000c0000000, 0x00000000c4300000, 0x00000000eab00000)
  object space 68608K, 50% used [0x00000000c0000000,0x00000000c21afb70,0x00000000c4300000)
 Metaspace       used 58710K, committed 59776K, reserved 1114112K
  class space    used 6819K, committed 7232K, reserved 1048576K
}
Event: 25.451 GC heap after
{Heap after GC invocations=26 (full 2):
 PSYoungGen      total 18944K, used 288K [0x00000000eab00000, 0x00000000ec180000, 0x0000000100000000)
  eden space 18432K, 0% used [0x00000000eab00000,0x00000000eab00000,0x00000000ebd00000)
  from space 512K, 56% used [0x00000000ec100000,0x00000000ec148000,0x00000000ec180000)
  to   space 1024K, 0% used [0x00000000ebf80000,0x00000000ebf80000,0x00000000ec080000)
 ParOldGen       total 68608K, used 34974K [0x00000000c0000000, 0x00000000c4300000, 0x00000000eab00000)
  object space 68608K, 50% used [0x00000000c0000000,0x00000000c2227bb0,0x00000000c4300000)
 Metaspace       used 58710K, committed 59776K, reserved 1114112K
  class space    used 6819K, committed 7232K, reserved 1048576K
}
Event: 25.451 GC heap before
{Heap before GC invocations=27 (full 3):
 PSYoungGen      total 18944K, used 288K [0x00000000eab00000, 0x00000000ec180000, 0x0000000100000000)
  eden space 18432K, 0% used [0x00000000eab00000,0x00000000eab00000,0x00000000ebd00000)
  from space 512K, 56% used [0x00000000ec100000,0x00000000ec148000,0x00000000ec180000)
  to   space 1024K, 0% used [0x00000000ebf80000,0x00000000ebf80000,0x00000000ec080000)
 ParOldGen       total 68608K, used 34974K [0x00000000c0000000, 0x00000000c4300000, 0x00000000eab00000)
  object space 68608K, 50% used [0x00000000c0000000,0x00000000c2227bb0,0x00000000c4300000)
 Metaspace       used 58710K, committed 59776K, reserved 1114112K
  class space    used 6819K, committed 7232K, reserved 1048576K
}
Event: 25.508 GC heap after
{Heap after GC invocations=27 (full 3):
 PSYoungGen      total 18944K, used 0K [0x00000000eab00000, 0x00000000ec180000, 0x0000000100000000)
  eden space 18432K, 0% used [0x00000000eab00000,0x00000000eab00000,0x00000000ebd00000)
  from space 512K, 0% used [0x00000000ec100000,0x00000000ec100000,0x00000000ec180000)
  to   space 1024K, 0% used [0x00000000ebf80000,0x00000000ebf80000,0x00000000ec080000)
 ParOldGen       total 68608K, used 33737K [0x00000000c0000000, 0x00000000c4300000, 0x00000000eab00000)
  object space 68608K, 49% used [0x00000000c0000000,0x00000000c20f2480,0x00000000c4300000)
 Metaspace       used 58710K, committed 59776K, reserved 1114112K
  class space    used 6819K, committed 7232K, reserved 1048576K
}
Event: 26.672 GC heap before
{Heap before GC invocations=28 (full 3):
 PSYoungGen      total 18944K, used 18432K [0x00000000eab00000, 0x00000000ec180000, 0x0000000100000000)
  eden space 18432K, 100% used [0x00000000eab00000,0x00000000ebd00000,0x00000000ebd00000)
  from space 512K, 0% used [0x00000000ec100000,0x00000000ec100000,0x00000000ec180000)
  to   space 1024K, 0% used [0x00000000ebf80000,0x00000000ebf80000,0x00000000ec080000)
 ParOldGen       total 68608K, used 33737K [0x00000000c0000000, 0x00000000c4300000, 0x00000000eab00000)
  object space 68608K, 49% used [0x00000000c0000000,0x00000000c20f2480,0x00000000c4300000)
 Metaspace       used 60591K, committed 61760K, reserved 1114112K
  class space    used 7082K, committed 7552K, reserved 1048576K
}
Event: 26.675 GC heap after
{Heap after GC invocations=28 (full 3):
 PSYoungGen      total 19456K, used 576K [0x00000000eab00000, 0x00000000ec180000, 0x0000000100000000)
  eden space 18432K, 0% used [0x00000000eab00000,0x00000000eab00000,0x00000000ebd00000)
  from space 1024K, 56% used [0x00000000ebf80000,0x00000000ec010000,0x00000000ec080000)
  to   space 1024K, 0% used [0x00000000ec080000,0x00000000ec080000,0x00000000ec180000)
 ParOldGen       total 68608K, used 33745K [0x00000000c0000000, 0x00000000c4300000, 0x00000000eab00000)
  object space 68608K, 49% used [0x00000000c0000000,0x00000000c20f4480,0x00000000c4300000)
 Metaspace       used 60591K, committed 61760K, reserved 1114112K
  class space    used 7082K, committed 7552K, reserved 1048576K
}
Event: 41.416 GC heap before
{Heap before GC invocations=29 (full 3):
 PSYoungGen      total 19456K, used 19008K [0x00000000eab00000, 0x00000000ec180000, 0x0000000100000000)
  eden space 18432K, 100% used [0x00000000eab00000,0x00000000ebd00000,0x00000000ebd00000)
  from space 1024K, 56% used [0x00000000ebf80000,0x00000000ec010000,0x00000000ec080000)
  to   space 1024K, 0% used [0x00000000ec080000,0x00000000ec080000,0x00000000ec180000)
 ParOldGen       total 68608K, used 33745K [0x00000000c0000000, 0x00000000c4300000, 0x00000000eab00000)
  object space 68608K, 49% used [0x00000000c0000000,0x00000000c20f4480,0x00000000c4300000)
 Metaspace       used 61905K, committed 63040K, reserved 1114112K
  class space    used 7213K, committed 7680K, reserved 1048576K
}
Event: 41.426 GC heap after
{Heap after GC invocations=29 (full 3):
 PSYoungGen      total 19456K, used 1024K [0x00000000eab00000, 0x00000000ec180000, 0x0000000100000000)
  eden space 18432K, 0% used [0x00000000eab00000,0x00000000eab00000,0x00000000ebd00000)
  from space 1024K, 100% used [0x00000000ec080000,0x00000000ec180000,0x00000000ec180000)
  to   space 2048K, 0% used [0x00000000ebd80000,0x00000000ebd80000,0x00000000ebf80000)
 ParOldGen       total 68608K, used 34201K [0x00000000c0000000, 0x00000000c4300000, 0x00000000eab00000)
  object space 68608K, 49% used [0x00000000c0000000,0x00000000c21664b0,0x00000000c4300000)
 Metaspace       used 61905K, committed 63040K, reserved 1114112K
  class space    used 7213K, committed 7680K, reserved 1048576K
}

