# JRE version: Java(TM) SE Runtime Environment (18.0.2.1+1) (build 18.0.2.1+1-1)
# Java VM: Java HotSpot(TM) 64-Bit Server VM (18.0.2.1+1-1, mixed mode, sharing, tiered, compressed oops, compressed class ptrs, g1 gc, windows-amd64)
GC Precious Log:
 CardTable entry size: 512
 Card Set container configuration: InlinePtr #cards 5 size 8 Array Of Cards #cards 12 size 40 Howl #buckets 4 coarsen threshold 1843 Howl Bitmap #cards 512 size 80 coarsen threshold 460 Card regions per heap region 1 cards per card region 2048
 CPUs: 8 total, 8 available
 Memory: 7941M
 Large Page Support: Disabled
 NUMA Support: Disabled
 Compressed Oops: Enabled (32-bit)
 Heap Region Size: 1M
 Heap Min Capacity: 8M
 Heap Initial Capacity: 126M
 Heap Max Capacity: 1536M
 Pre-touch: Disabled
 Parallel Workers: 8
 Concurrent Workers: 2
 Concurrent Refinement Workers: 8
 Periodic GC: Disabled
Heap:
 garbage-first heap   total 117760K, used 67662K [0x00000000a0000000, 0x0000000100000000)
  region size 1024K, 14 young (14336K), 4 survivors (4096K)
 Metaspace       used 57185K, committed 58816K, reserved 1114112K
  class space    used 7696K, committed 8512K, reserved 1048576K
GC Heap History (20 events):
Event: 11.689 GC heap before
{Heap before GC invocations=12 (full 0):
 garbage-first heap   total 78848K, used 46537K [0x00000000a0000000, 0x0000000100000000)
  region size 1024K, 14 young (14336K), 3 survivors (3072K)
 Metaspace       used 42563K, committed 44032K, reserved 1114112K
  class space    used 5880K, committed 6592K, reserved 1048576K
}
Event: 11.694 GC heap after
{Heap after GC invocations=13 (full 0):
 garbage-first heap   total 78848K, used 38198K [0x00000000a0000000, 0x0000000100000000)
  region size 1024K, 3 young (3072K), 3 survivors (3072K)
 Metaspace       used 42563K, committed 44032K, reserved 1114112K
  class space    used 5880K, committed 6592K, reserved 1048576K
}
Event: 11.905 GC heap before
{Heap before GC invocations=14 (full 0):
 garbage-first heap   total 78848K, used 43318K [0x00000000a0000000, 0x0000000100000000)
  region size 1024K, 8 young (8192K), 3 survivors (3072K)
 Metaspace       used 42573K, committed 44032K, reserved 1114112K
  class space    used 5880K, committed 6592K, reserved 1048576K
}
Event: 11.909 GC heap after
{Heap after GC invocations=15 (full 0):
 garbage-first heap   total 78848K, used 43220K [0x00000000a0000000, 0x0000000100000000)
  region size 1024K, 4 young (4096K), 4 survivors (4096K)
 Metaspace       used 42573K, committed 44032K, reserved 1114112K
  class space    used 5880K, committed 6592K, reserved 1048576K
}
Event: 12.039 GC heap before
{Heap before GC invocations=16 (full 0):
 garbage-first heap   total 86016K, used 49364K [0x00000000a0000000, 0x0000000100000000)
  region size 1024K, 8 young (8192K), 4 survivors (4096K)
 Metaspace       used 42575K, committed 44032K, reserved 1114112K
  class space    used 5880K, committed 6592K, reserved 1048576K
}
Event: 12.042 GC heap after
{Heap after GC invocations=17 (full 0):
 garbage-first heap   total 86016K, used 49068K [0x00000000a0000000, 0x0000000100000000)
  region size 1024K, 2 young (2048K), 2 survivors (2048K)
 Metaspace       used 42575K, committed 44032K, reserved 1114112K
  class space    used 5880K, committed 6592K, reserved 1048576K
}
Event: 12.276 GC heap before
{Heap before GC invocations=18 (full 0):
 garbage-first heap   total 89088K, used 60332K [0x00000000a0000000, 0x0000000100000000)
  region size 1024K, 12 young (12288K), 2 survivors (2048K)
 Metaspace       used 43648K, committed 45120K, reserved 1114112K
  class space    used 6012K, committed 6784K, reserved 1048576K
}
Event: 12.279 GC heap after
{Heap after GC invocations=19 (full 0):
 garbage-first heap   total 89088K, used 52031K [0x00000000a0000000, 0x0000000100000000)
  region size 1024K, 2 young (2048K), 2 survivors (2048K)
 Metaspace       used 43648K, committed 45120K, reserved 1114112K
  class space    used 6012K, committed 6784K, reserved 1048576K
}
Event: 12.498 GC heap before
{Heap before GC invocations=19 (full 0):
 garbage-first heap   total 89088K, used 62271K [0x00000000a0000000, 0x0000000100000000)
  region size 1024K, 12 young (12288K), 2 survivors (2048K)
 Metaspace       used 44918K, committed 46400K, reserved 1114112K
  class space    used 6183K, committed 6912K, reserved 1048576K
}
Event: 12.500 GC heap after
{Heap after GC invocations=20 (full 0):
 garbage-first heap   total 89088K, used 52235K [0x00000000a0000000, 0x0000000100000000)
  region size 1024K, 1 young (1024K), 1 survivors (1024K)
 Metaspace       used 44918K, committed 46400K, reserved 1114112K
  class space    used 6183K, committed 6912K, reserved 1048576K
}
Event: 12.816 GC heap before
{Heap before GC invocations=21 (full 0):
 garbage-first heap   total 94208K, used 63499K [0x00000000a0000000, 0x0000000100000000)
  region size 1024K, 12 young (12288K), 1 survivors (1024K)
 Metaspace       used 46328K, committed 47808K, reserved 1114112K
  class space    used 6361K, committed 7104K, reserved 1048576K
}
Event: 12.818 GC heap after
{Heap after GC invocations=22 (full 0):
 garbage-first heap   total 94208K, used 52710K [0x00000000a0000000, 0x0000000100000000)
  region size 1024K, 1 young (1024K), 1 survivors (1024K)
 Metaspace       used 46328K, committed 47808K, reserved 1114112K
  class space    used 6361K, committed 7104K, reserved 1048576K
}
Event: 13.319 GC heap before
{Heap before GC invocations=22 (full 0):
 garbage-first heap   total 94208K, used 67046K [0x00000000a0000000, 0x0000000100000000)
  region size 1024K, 16 young (16384K), 1 survivors (1024K)
 Metaspace       used 48721K, committed 50304K, reserved 1114112K
  class space    used 6651K, committed 7424K, reserved 1048576K
}
Event: 13.323 GC heap after
{Heap after GC invocations=23 (full 0):
 garbage-first heap   total 113664K, used 53269K [0x00000000a0000000, 0x0000000100000000)
  region size 1024K, 2 young (2048K), 2 survivors (2048K)
 Metaspace       used 48721K, committed 50304K, reserved 1114112K
  class space    used 6651K, committed 7424K, reserved 1048576K
}
Event: 13.883 GC heap before
{Heap before GC invocations=24 (full 0):
 garbage-first heap   total 113664K, used 77845K [0x00000000a0000000, 0x0000000100000000)
  region size 1024K, 26 young (26624K), 2 survivors (2048K)
 Metaspace       used 51889K, committed 53504K, reserved 1114112K
  class space    used 7044K, committed 7872K, reserved 1048576K
}
Event: 13.886 GC heap after
{Heap after GC invocations=25 (full 0):
 garbage-first heap   total 113664K, used 54331K [0x00000000a0000000, 0x0000000100000000)
  region size 1024K, 3 young (3072K), 3 survivors (3072K)
 Metaspace       used 51889K, committed 53504K, reserved 1114112K
  class space    used 7044K, committed 7872K, reserved 1048576K
}
Event: 14.206 GC heap before
{Heap before GC invocations=25 (full 0):
 garbage-first heap   total 113664K, used 66619K [0x00000000a0000000, 0x0000000100000000)
  region size 1024K, 17 young (17408K), 3 survivors (3072K)
 Metaspace       used 55051K, committed 56704K, reserved 1114112K
  class space    used 7424K, committed 8256K, reserved 1048576K
}
Event: 14.212 GC heap after
{Heap after GC invocations=26 (full 0):
 garbage-first heap   total 113664K, used 56316K [0x00000000a0000000, 0x0000000100000000)
  region size 1024K, 4 young (4096K), 4 survivors (4096K)
 Metaspace       used 55051K, committed 56704K, reserved 1114112K
  class space    used 7424K, committed 8256K, reserved 1048576K
}
Event: 14.551 GC heap before
{Heap before GC invocations=27 (full 0):
 garbage-first heap   total 117760K, used 88060K [0x00000000a0000000, 0x0000000100000000)
  region size 1024K, 29 young (29696K), 4 survivors (4096K)
 Metaspace       used 56432K, committed 58112K, reserved 1114112K
  class space    used 7605K, committed 8448K, reserved 1048576K
}
Event: 14.557 GC heap after
{Heap after GC invocations=28 (full 0):
 garbage-first heap   total 117760K, used 58446K [0x00000000a0000000, 0x0000000100000000)
  region size 1024K, 4 young (4096K), 4 survivors (4096K)
 Metaspace       used 56432K, committed 58112K, reserved 1114112K
  class space    used 7605K, committed 8448K, reserved 1048576K
}

